<?xml version="1.0" encoding="UTF-8"?>
<!-- Generated by org.testng.reporters.JUnitReportReporter -->
<testsuite hostname="LAPTOP-69KE4GU1" failures="0" tests="2" name="com.qa.TestScripts.SelectCity" time="176.355" errors="0" timestamp="2024-06-20T16:53:13 IST" skipped="0">
  <testcase classname="com.qa.TestScripts.SelectCity" name="selectCityHotel" time="87.302"/>
  <system-out/>
  <testcase classname="com.qa.TestScripts.SelectCity" name="LoginApplication" time="89.053"/>
  <system-out/>
</testsuite> <!-- com.qa.TestScripts.SelectCity -->
