<?xml version="1.0" encoding="UTF-8"?>
<!-- Generated by org.testng.reporters.JUnitReportReporter -->
<testsuite hostname="LAPTOP-69KE4GU1" failures="0" tests="1" name="com.qa.TestScripts.LoginApp" time="95.206" errors="0" timestamp="2024-06-20T16:53:13 IST" skipped="0">
  <testcase classname="com.qa.TestScripts.LoginApp" name="LoginApplication" time="95.206"/>
  <system-out/>
</testsuite> <!-- com.qa.TestScripts.LoginApp -->
